mode: set
thanhnt208/container-adm-service/api/middlewares/check_scope_middleware.go:10.69,11.30 1 1
thanhnt208/container-adm-service/api/middlewares/check_scope_middleware.go:11.30,13.14 2 1
thanhnt208/container-adm-service/api/middlewares/check_scope_middleware.go:13.14,18.4 2 1
thanhnt208/container-adm-service/api/middlewares/check_scope_middleware.go:20.3,21.10 2 1
thanhnt208/container-adm-service/api/middlewares/check_scope_middleware.go:21.10,26.4 2 1
thanhnt208/container-adm-service/api/middlewares/check_scope_middleware.go:28.3,29.39 2 1
thanhnt208/container-adm-service/api/middlewares/check_scope_middleware.go:29.39,31.4 1 1
thanhnt208/container-adm-service/api/middlewares/check_scope_middleware.go:33.3,33.43 1 1
thanhnt208/container-adm-service/api/middlewares/check_scope_middleware.go:33.43,34.28 1 1
thanhnt208/container-adm-service/api/middlewares/check_scope_middleware.go:34.28,37.5 2 1
thanhnt208/container-adm-service/api/middlewares/check_scope_middleware.go:40.3,42.5 1 1
thanhnt208/container-adm-service/api/middlewares/jwt_middleware.go:11.42,12.30 1 1
thanhnt208/container-adm-service/api/middlewares/jwt_middleware.go:12.30,14.48 2 1
thanhnt208/container-adm-service/api/middlewares/jwt_middleware.go:14.48,18.4 3 1
thanhnt208/container-adm-service/api/middlewares/jwt_middleware.go:19.3,21.17 3 1
thanhnt208/container-adm-service/api/middlewares/jwt_middleware.go:21.17,25.4 3 1
thanhnt208/container-adm-service/api/middlewares/jwt_middleware.go:26.3,27.11 2 1
thanhnt208/container-adm-service/api/routes/container_routes.go:10.65,50.2 8 1
thanhnt208/container-adm-service/cmd/kafka/main.go:21.13,22.30 1 0
thanhnt208/container-adm-service/cmd/kafka/main.go:22.30,25.3 2 0
thanhnt208/container-adm-service/cmd/kafka/main.go:28.24,34.16 5 1
thanhnt208/container-adm-service/cmd/kafka/main.go:34.16,35.55 1 1
thanhnt208/container-adm-service/cmd/kafka/main.go:38.2,40.16 3 1
thanhnt208/container-adm-service/cmd/kafka/main.go:40.16,42.61 2 1
thanhnt208/container-adm-service/cmd/kafka/main.go:44.2,49.16 5 1
thanhnt208/container-adm-service/cmd/kafka/main.go:49.16,51.62 2 1
thanhnt208/container-adm-service/cmd/kafka/main.go:54.2,56.16 3 1
thanhnt208/container-adm-service/cmd/kafka/main.go:56.16,58.63 2 0
thanhnt208/container-adm-service/cmd/kafka/main.go:61.2,62.16 2 1
thanhnt208/container-adm-service/cmd/kafka/main.go:62.16,64.58 2 1
thanhnt208/container-adm-service/cmd/kafka/main.go:67.2,73.12 5 1
thanhnt208/container-adm-service/cmd/kafka/main.go:73.12,76.64 3 1
thanhnt208/container-adm-service/cmd/kafka/main.go:76.64,79.4 2 1
thanhnt208/container-adm-service/cmd/kafka/main.go:79.9,82.4 2 0
thanhnt208/container-adm-service/cmd/kafka/main.go:85.2,88.9 3 1
thanhnt208/container-adm-service/cmd/kafka/main.go:89.29,90.17 1 0
thanhnt208/container-adm-service/cmd/kafka/main.go:90.17,92.4 1 0
thanhnt208/container-adm-service/cmd/kafka/main.go:92.9,94.4 1 0
thanhnt208/container-adm-service/cmd/kafka/main.go:95.21,101.44 5 1
thanhnt208/container-adm-service/cmd/kafka/main.go:101.44,103.4 1 0
thanhnt208/container-adm-service/cmd/kafka/main.go:103.9,105.4 1 1
thanhnt208/container-adm-service/cmd/kafka/main.go:108.2,108.46 1 1
thanhnt208/container-adm-service/cmd/kafka/main.go:108.46,110.3 1 0
thanhnt208/container-adm-service/cmd/kafka/main.go:110.8,112.3 1 1
thanhnt208/container-adm-service/cmd/kafka/main.go:114.2,116.12 2 1
thanhnt208/container-adm-service/cmd/grpc/main.go:21.13,22.30 1 1
thanhnt208/container-adm-service/cmd/grpc/main.go:22.30,23.46 1 1
thanhnt208/container-adm-service/cmd/grpc/main.go:27.24,30.16 3 1
thanhnt208/container-adm-service/cmd/grpc/main.go:30.16,31.55 1 1
thanhnt208/container-adm-service/cmd/grpc/main.go:34.2,36.16 3 1
thanhnt208/container-adm-service/cmd/grpc/main.go:36.16,38.61 2 1
thanhnt208/container-adm-service/cmd/grpc/main.go:40.2,44.16 4 1
thanhnt208/container-adm-service/cmd/grpc/main.go:44.16,46.62 2 1
thanhnt208/container-adm-service/cmd/grpc/main.go:48.2,51.16 3 1
thanhnt208/container-adm-service/cmd/grpc/main.go:51.16,53.58 2 1
thanhnt208/container-adm-service/cmd/grpc/main.go:56.2,64.16 7 1
thanhnt208/container-adm-service/cmd/grpc/main.go:64.16,66.52 2 0
thanhnt208/container-adm-service/cmd/grpc/main.go:69.2,72.12 3 1
thanhnt208/container-adm-service/cmd/grpc/main.go:72.12,73.47 1 1
thanhnt208/container-adm-service/cmd/grpc/main.go:73.47,75.56 2 0
thanhnt208/container-adm-service/cmd/grpc/main.go:79.2,88.12 8 1
thanhnt208/container-adm-service/config/config.go:37.33,38.17 1 1
thanhnt208/container-adm-service/config/config.go:38.17,42.17 3 1
thanhnt208/container-adm-service/config/config.go:42.17,44.4 1 1
thanhnt208/container-adm-service/config/config.go:45.3,46.17 2 1
thanhnt208/container-adm-service/config/config.go:46.17,48.4 1 1
thanhnt208/container-adm-service/config/config.go:50.3,69.4 1 1
thanhnt208/container-adm-service/config/config.go:72.2,72.23 1 1
thanhnt208/container-adm-service/config/config.go:75.42,77.15 2 1
thanhnt208/container-adm-service/config/config.go:77.15,79.3 1 1
thanhnt208/container-adm-service/config/config.go:80.2,80.12 1 1
thanhnt208/container-adm-service/cmd/rest/main.go:22.13,23.30 1 1
thanhnt208/container-adm-service/cmd/rest/main.go:23.30,24.46 1 1
thanhnt208/container-adm-service/cmd/rest/main.go:28.24,32.16 3 1
thanhnt208/container-adm-service/cmd/rest/main.go:32.16,34.3 1 1
thanhnt208/container-adm-service/cmd/rest/main.go:36.2,38.16 3 1
thanhnt208/container-adm-service/cmd/rest/main.go:38.16,41.3 2 1
thanhnt208/container-adm-service/cmd/rest/main.go:42.2,46.16 4 1
thanhnt208/container-adm-service/cmd/rest/main.go:46.16,49.3 2 1
thanhnt208/container-adm-service/cmd/rest/main.go:51.2,54.16 3 1
thanhnt208/container-adm-service/cmd/rest/main.go:54.16,57.3 2 1
thanhnt208/container-adm-service/cmd/rest/main.go:59.2,70.12 6 1
thanhnt208/container-adm-service/cmd/rest/main.go:70.12,72.77 2 1
thanhnt208/container-adm-service/cmd/rest/main.go:72.77,74.51 2 0
thanhnt208/container-adm-service/cmd/rest/main.go:78.2,87.50 7 1
thanhnt208/container-adm-service/cmd/rest/main.go:87.50,90.3 2 0
thanhnt208/container-adm-service/cmd/rest/main.go:92.2,93.12 2 1
thanhnt208/container-adm-service/internal/delivery/kafka/kafka_consumer_handler.go:24.144,30.2 1 1
thanhnt208/container-adm-service/internal/delivery/kafka/kafka_consumer_handler.go:34.72,35.6 1 1
thanhnt208/container-adm-service/internal/delivery/kafka/kafka_consumer_handler.go:35.6,36.10 1 1
thanhnt208/container-adm-service/internal/delivery/kafka/kafka_consumer_handler.go:37.21,39.20 2 1
thanhnt208/container-adm-service/internal/delivery/kafka/kafka_consumer_handler.go:40.11,42.18 2 1
thanhnt208/container-adm-service/internal/delivery/kafka/kafka_consumer_handler.go:42.18,44.13 2 1
thanhnt208/container-adm-service/internal/delivery/kafka/kafka_consumer_handler.go:47.4,47.35 1 1
thanhnt208/container-adm-service/internal/delivery/kafka/kafka_consumer_handler.go:47.35,56.76 3 1
thanhnt208/container-adm-service/internal/delivery/kafka/kafka_consumer_handler.go:56.76,59.6 2 1
thanhnt208/container-adm-service/internal/delivery/kafka/kafka_consumer_handler.go:61.5,64.32 3 1
thanhnt208/container-adm-service/internal/delivery/kafka/kafka_consumer_handler.go:64.32,66.6 1 1
thanhnt208/container-adm-service/internal/delivery/kafka/kafka_consumer_handler.go:68.5,73.19 3 1
thanhnt208/container-adm-service/internal/delivery/kafka/kafka_consumer_handler.go:73.19,76.6 2 1
thanhnt208/container-adm-service/internal/delivery/kafka/kafka_consumer_handler.go:77.5,81.19 4 1
thanhnt208/container-adm-service/internal/delivery/kafka/kafka_consumer_handler.go:81.19,84.6 2 1
thanhnt208/container-adm-service/internal/delivery/kafka/kafka_consumer_handler.go:86.5,86.102 1 1
thanhnt208/container-adm-service/internal/delivery/kafka/kafka_consumer_handler.go:92.46,93.41 1 1
thanhnt208/container-adm-service/internal/delivery/kafka/kafka_consumer_handler.go:93.41,96.3 2 1
thanhnt208/container-adm-service/internal/delivery/kafka/kafka_consumer_handler.go:97.2,98.12 2 1
thanhnt208/container-adm-service/internal/delivery/grpc/grpc_server_handler.go:18.104,23.2 1 1
thanhnt208/container-adm-service/internal/delivery/grpc/grpc_server_handler.go:25.120,26.16 1 1
thanhnt208/container-adm-service/internal/delivery/grpc/grpc_server_handler.go:26.16,29.3 2 1
thanhnt208/container-adm-service/internal/delivery/grpc/grpc_server_handler.go:31.2,32.16 2 1
thanhnt208/container-adm-service/internal/delivery/grpc/grpc_server_handler.go:32.16,35.3 2 1
thanhnt208/container-adm-service/internal/delivery/grpc/grpc_server_handler.go:37.2,38.39 2 1
thanhnt208/container-adm-service/internal/delivery/grpc/grpc_server_handler.go:38.39,43.3 1 1
thanhnt208/container-adm-service/internal/delivery/grpc/grpc_server_handler.go:45.2,49.8 2 1
thanhnt208/container-adm-service/internal/delivery/grpc/grpc_server_handler.go:52.157,53.16 1 1
thanhnt208/container-adm-service/internal/delivery/grpc/grpc_server_handler.go:53.16,56.3 2 1
thanhnt208/container-adm-service/internal/delivery/grpc/grpc_server_handler.go:58.2,61.36 3 1
thanhnt208/container-adm-service/internal/delivery/grpc/grpc_server_handler.go:61.36,64.3 2 1
thanhnt208/container-adm-service/internal/delivery/grpc/grpc_server_handler.go:66.2,66.26 1 1
thanhnt208/container-adm-service/internal/delivery/grpc/grpc_server_handler.go:66.26,69.3 2 1
thanhnt208/container-adm-service/internal/delivery/grpc/grpc_server_handler.go:71.2,72.16 2 1
thanhnt208/container-adm-service/internal/delivery/grpc/grpc_server_handler.go:72.16,75.3 2 1
thanhnt208/container-adm-service/internal/delivery/grpc/grpc_server_handler.go:77.2,78.16 2 1
thanhnt208/container-adm-service/internal/delivery/grpc/grpc_server_handler.go:78.16,81.3 2 1
thanhnt208/container-adm-service/internal/delivery/grpc/grpc_server_handler.go:83.2,84.30 2 1
thanhnt208/container-adm-service/internal/delivery/grpc/grpc_server_handler.go:84.30,86.3 1 1
thanhnt208/container-adm-service/internal/delivery/grpc/grpc_server_handler.go:88.2,92.16 4 1
thanhnt208/container-adm-service/internal/delivery/grpc/grpc_server_handler.go:92.16,95.3 2 1
thanhnt208/container-adm-service/internal/delivery/grpc/grpc_server_handler.go:97.2,97.40 1 1
thanhnt208/container-adm-service/internal/delivery/grpc/grpc_server_handler.go:97.40,100.3 2 1
thanhnt208/container-adm-service/internal/delivery/grpc/grpc_server_handler.go:102.2,116.8 2 1
thanhnt208/container-adm-service/internal/delivery/grpc/grpc_server_handler.go:119.164,120.19 1 1
thanhnt208/container-adm-service/internal/delivery/grpc/grpc_server_handler.go:120.19,123.6 2 1
thanhnt208/container-adm-service/internal/delivery/grpc/grpc_server_handler.go:125.5,128.39 3 1
thanhnt208/container-adm-service/internal/delivery/grpc/grpc_server_handler.go:128.39,131.6 2 1
thanhnt208/container-adm-service/internal/delivery/grpc/grpc_server_handler.go:133.5,133.29 1 1
thanhnt208/container-adm-service/internal/delivery/grpc/grpc_server_handler.go:133.29,136.6 2 1
thanhnt208/container-adm-service/internal/delivery/grpc/grpc_server_handler.go:138.5,139.19 2 1
thanhnt208/container-adm-service/internal/delivery/grpc/grpc_server_handler.go:139.19,142.6 2 1
thanhnt208/container-adm-service/internal/delivery/grpc/grpc_server_handler.go:144.5,145.19 2 1
thanhnt208/container-adm-service/internal/delivery/grpc/grpc_server_handler.go:145.19,148.6 2 1
thanhnt208/container-adm-service/internal/delivery/grpc/grpc_server_handler.go:150.5,151.33 2 1
thanhnt208/container-adm-service/internal/delivery/grpc/grpc_server_handler.go:151.33,153.6 1 1
thanhnt208/container-adm-service/internal/delivery/grpc/grpc_server_handler.go:155.5,159.19 4 1
thanhnt208/container-adm-service/internal/delivery/grpc/grpc_server_handler.go:159.19,162.6 2 1
thanhnt208/container-adm-service/internal/delivery/grpc/grpc_server_handler.go:164.5,165.56 2 1
thanhnt208/container-adm-service/internal/delivery/grpc/grpc_server_handler.go:165.56,167.6 1 1
thanhnt208/container-adm-service/internal/delivery/grpc/grpc_server_handler.go:169.5,184.11 2 1
thanhnt208/container-adm-service/internal/delivery/rest/rest_server_handler.go:35.107,40.2 1 1
thanhnt208/container-adm-service/internal/delivery/rest/rest_server_handler.go:42.108,43.16 1 1
thanhnt208/container-adm-service/internal/delivery/rest/rest_server_handler.go:43.16,45.3 1 1
thanhnt208/container-adm-service/internal/delivery/rest/rest_server_handler.go:45.8,47.3 1 1
thanhnt208/container-adm-service/internal/delivery/rest/rest_server_handler.go:48.2,50.4 1 1
thanhnt208/container-adm-service/internal/delivery/rest/rest_server_handler.go:53.95,55.2 1 1
thanhnt208/container-adm-service/internal/delivery/rest/rest_server_handler.go:57.64,59.47 2 1
thanhnt208/container-adm-service/internal/delivery/rest/rest_server_handler.go:59.47,62.3 2 1
thanhnt208/container-adm-service/internal/delivery/rest/rest_server_handler.go:64.2,64.90 1 1
thanhnt208/container-adm-service/internal/delivery/rest/rest_server_handler.go:64.90,67.3 2 1
thanhnt208/container-adm-service/internal/delivery/rest/rest_server_handler.go:69.2,70.16 2 1
thanhnt208/container-adm-service/internal/delivery/rest/rest_server_handler.go:70.16,73.3 2 1
thanhnt208/container-adm-service/internal/delivery/rest/rest_server_handler.go:75.2,78.4 1 1
thanhnt208/container-adm-service/internal/delivery/rest/rest_server_handler.go:81.63,83.50 2 1
thanhnt208/container-adm-service/internal/delivery/rest/rest_server_handler.go:83.50,86.3 2 1
thanhnt208/container-adm-service/internal/delivery/rest/rest_server_handler.go:88.2,89.28 2 1
thanhnt208/container-adm-service/internal/delivery/rest/rest_server_handler.go:89.28,92.3 2 1
thanhnt208/container-adm-service/internal/delivery/rest/rest_server_handler.go:94.2,95.29 2 1
thanhnt208/container-adm-service/internal/delivery/rest/rest_server_handler.go:95.29,98.3 2 1
thanhnt208/container-adm-service/internal/delivery/rest/rest_server_handler.go:100.2,100.30 1 1
thanhnt208/container-adm-service/internal/delivery/rest/rest_server_handler.go:100.30,103.3 2 1
thanhnt208/container-adm-service/internal/delivery/rest/rest_server_handler.go:105.2,108.47 3 1
thanhnt208/container-adm-service/internal/delivery/rest/rest_server_handler.go:108.47,111.3 2 1
thanhnt208/container-adm-service/internal/delivery/rest/rest_server_handler.go:113.2,114.16 2 1
thanhnt208/container-adm-service/internal/delivery/rest/rest_server_handler.go:114.16,117.3 2 1
thanhnt208/container-adm-service/internal/delivery/rest/rest_server_handler.go:119.2,122.4 1 1
thanhnt208/container-adm-service/internal/delivery/rest/rest_server_handler.go:125.64,127.14 2 1
thanhnt208/container-adm-service/internal/delivery/rest/rest_server_handler.go:127.14,130.3 2 1
thanhnt208/container-adm-service/internal/delivery/rest/rest_server_handler.go:132.2,133.16 2 1
thanhnt208/container-adm-service/internal/delivery/rest/rest_server_handler.go:133.16,136.3 2 1
thanhnt208/container-adm-service/internal/delivery/rest/rest_server_handler.go:138.2,139.53 2 1
thanhnt208/container-adm-service/internal/delivery/rest/rest_server_handler.go:139.53,142.3 2 1
thanhnt208/container-adm-service/internal/delivery/rest/rest_server_handler.go:144.2,144.25 1 1
thanhnt208/container-adm-service/internal/delivery/rest/rest_server_handler.go:144.25,147.3 2 1
thanhnt208/container-adm-service/internal/delivery/rest/rest_server_handler.go:149.2,150.16 2 1
thanhnt208/container-adm-service/internal/delivery/rest/rest_server_handler.go:150.16,153.3 2 1
thanhnt208/container-adm-service/internal/delivery/rest/rest_server_handler.go:155.2,159.4 1 1
thanhnt208/container-adm-service/internal/delivery/rest/rest_server_handler.go:162.64,164.14 2 1
thanhnt208/container-adm-service/internal/delivery/rest/rest_server_handler.go:164.14,167.3 2 1
thanhnt208/container-adm-service/internal/delivery/rest/rest_server_handler.go:169.2,170.16 2 1
thanhnt208/container-adm-service/internal/delivery/rest/rest_server_handler.go:170.16,173.3 2 1
thanhnt208/container-adm-service/internal/delivery/rest/rest_server_handler.go:175.2,176.16 2 1
thanhnt208/container-adm-service/internal/delivery/rest/rest_server_handler.go:176.16,179.3 2 1
thanhnt208/container-adm-service/internal/delivery/rest/rest_server_handler.go:181.2,183.4 1 1
thanhnt208/container-adm-service/internal/delivery/rest/rest_server_handler.go:186.65,188.16 2 1
thanhnt208/container-adm-service/internal/delivery/rest/rest_server_handler.go:188.16,191.3 2 1
thanhnt208/container-adm-service/internal/delivery/rest/rest_server_handler.go:193.2,193.29 1 1
thanhnt208/container-adm-service/internal/delivery/rest/rest_server_handler.go:193.29,196.3 2 1
thanhnt208/container-adm-service/internal/delivery/rest/rest_server_handler.go:198.2,198.20 1 1
thanhnt208/container-adm-service/internal/delivery/rest/rest_server_handler.go:198.20,201.3 2 1
thanhnt208/container-adm-service/internal/delivery/rest/rest_server_handler.go:203.2,203.75 1 1
thanhnt208/container-adm-service/internal/delivery/rest/rest_server_handler.go:203.75,206.3 2 1
thanhnt208/container-adm-service/internal/delivery/rest/rest_server_handler.go:208.2,209.16 2 1
thanhnt208/container-adm-service/internal/delivery/rest/rest_server_handler.go:209.16,212.3 2 0
thanhnt208/container-adm-service/internal/delivery/rest/rest_server_handler.go:213.2,216.16 3 1
thanhnt208/container-adm-service/internal/delivery/rest/rest_server_handler.go:216.16,219.3 2 0
thanhnt208/container-adm-service/internal/delivery/rest/rest_server_handler.go:221.2,223.16 3 1
thanhnt208/container-adm-service/internal/delivery/rest/rest_server_handler.go:223.16,226.3 2 1
thanhnt208/container-adm-service/internal/delivery/rest/rest_server_handler.go:227.2,227.25 1 1
thanhnt208/container-adm-service/internal/delivery/rest/rest_server_handler.go:227.25,230.3 2 1
thanhnt208/container-adm-service/internal/delivery/rest/rest_server_handler.go:232.2,239.4 1 1
thanhnt208/container-adm-service/internal/delivery/rest/rest_server_handler.go:242.65,244.50 2 1
thanhnt208/container-adm-service/internal/delivery/rest/rest_server_handler.go:244.50,247.3 2 1
thanhnt208/container-adm-service/internal/delivery/rest/rest_server_handler.go:249.2,250.28 2 1
thanhnt208/container-adm-service/internal/delivery/rest/rest_server_handler.go:250.28,253.3 2 1
thanhnt208/container-adm-service/internal/delivery/rest/rest_server_handler.go:255.2,256.29 2 1
thanhnt208/container-adm-service/internal/delivery/rest/rest_server_handler.go:256.29,259.3 2 1
thanhnt208/container-adm-service/internal/delivery/rest/rest_server_handler.go:261.2,261.30 1 1
thanhnt208/container-adm-service/internal/delivery/rest/rest_server_handler.go:261.30,264.3 2 1
thanhnt208/container-adm-service/internal/delivery/rest/rest_server_handler.go:266.2,269.47 3 1
thanhnt208/container-adm-service/internal/delivery/rest/rest_server_handler.go:269.47,272.3 2 1
thanhnt208/container-adm-service/internal/delivery/rest/rest_server_handler.go:274.2,276.16 3 1
thanhnt208/container-adm-service/internal/delivery/rest/rest_server_handler.go:276.16,279.3 2 1
thanhnt208/container-adm-service/internal/delivery/rest/rest_server_handler.go:280.2,280.23 1 1
thanhnt208/container-adm-service/internal/delivery/rest/rest_server_handler.go:280.23,283.3 2 1
thanhnt208/container-adm-service/internal/delivery/rest/rest_server_handler.go:285.2,290.33 6 1
thanhnt208/container-adm-service/internal/repository/container_repository.go:48.117,54.2 1 1
thanhnt208/container-adm-service/internal/repository/container_repository.go:56.109,58.21 2 1
thanhnt208/container-adm-service/internal/repository/container_repository.go:58.21,61.3 2 1
thanhnt208/container-adm-service/internal/repository/container_repository.go:63.2,63.15 1 1
thanhnt208/container-adm-service/internal/repository/container_repository.go:63.15,64.35 1 1
thanhnt208/container-adm-service/internal/repository/container_repository.go:64.35,67.14 3 1
thanhnt208/container-adm-service/internal/repository/container_repository.go:71.2,71.51 1 1
thanhnt208/container-adm-service/internal/repository/container_repository.go:71.51,75.3 3 1
thanhnt208/container-adm-service/internal/repository/container_repository.go:77.2,77.42 1 1
thanhnt208/container-adm-service/internal/repository/container_repository.go:77.42,80.3 2 1
thanhnt208/container-adm-service/internal/repository/container_repository.go:82.2,83.31 2 1
thanhnt208/container-adm-service/internal/repository/container_repository.go:86.149,88.21 2 1
thanhnt208/container-adm-service/internal/repository/container_repository.go:88.21,91.3 2 1
thanhnt208/container-adm-service/internal/repository/container_repository.go:93.2,93.15 1 1
thanhnt208/container-adm-service/internal/repository/container_repository.go:93.15,94.35 1 1
thanhnt208/container-adm-service/internal/repository/container_repository.go:94.35,97.14 3 1
thanhnt208/container-adm-service/internal/repository/container_repository.go:101.2,104.39 3 1
thanhnt208/container-adm-service/internal/repository/container_repository.go:104.39,105.53 1 1
thanhnt208/container-adm-service/internal/repository/container_repository.go:105.53,108.12 3 1
thanhnt208/container-adm-service/internal/repository/container_repository.go:110.3,110.59 1 1
thanhnt208/container-adm-service/internal/repository/container_repository.go:113.2,113.62 1 1
thanhnt208/container-adm-service/internal/repository/container_repository.go:113.62,117.3 3 1
thanhnt208/container-adm-service/internal/repository/container_repository.go:119.2,119.42 1 1
thanhnt208/container-adm-service/internal/repository/container_repository.go:119.42,122.3 2 1
thanhnt208/container-adm-service/internal/repository/container_repository.go:124.2,125.49 2 1
thanhnt208/container-adm-service/internal/repository/container_repository.go:128.189,131.28 2 1
thanhnt208/container-adm-service/internal/repository/container_repository.go:131.28,132.40 1 1
thanhnt208/container-adm-service/internal/repository/container_repository.go:132.40,134.4 1 1
thanhnt208/container-adm-service/internal/repository/container_repository.go:136.3,136.42 1 1
thanhnt208/container-adm-service/internal/repository/container_repository.go:136.42,138.4 1 1
thanhnt208/container-adm-service/internal/repository/container_repository.go:140.3,140.38 1 1
thanhnt208/container-adm-service/internal/repository/container_repository.go:140.38,142.4 1 1
thanhnt208/container-adm-service/internal/repository/container_repository.go:144.3,144.35 1 1
thanhnt208/container-adm-service/internal/repository/container_repository.go:144.35,146.4 1 1
thanhnt208/container-adm-service/internal/repository/container_repository.go:149.2,150.60 2 1
thanhnt208/container-adm-service/internal/repository/container_repository.go:150.60,153.3 2 1
thanhnt208/container-adm-service/internal/repository/container_repository.go:155.2,155.18 1 1
thanhnt208/container-adm-service/internal/repository/container_repository.go:155.18,166.33 2 1
thanhnt208/container-adm-service/internal/repository/container_repository.go:166.33,169.4 2 1
thanhnt208/container-adm-service/internal/repository/container_repository.go:171.3,172.43 2 0
thanhnt208/container-adm-service/internal/repository/container_repository.go:172.43,174.4 1 0
thanhnt208/container-adm-service/internal/repository/container_repository.go:175.3,175.53 1 0
thanhnt208/container-adm-service/internal/repository/container_repository.go:176.8,178.3 1 1
thanhnt208/container-adm-service/internal/repository/container_repository.go:180.2,182.16 3 1
thanhnt208/container-adm-service/internal/repository/container_repository.go:182.16,184.3 1 1
thanhnt208/container-adm-service/internal/repository/container_repository.go:186.2,186.80 1 1
thanhnt208/container-adm-service/internal/repository/container_repository.go:186.80,189.3 2 1
thanhnt208/container-adm-service/internal/repository/container_repository.go:191.2,192.41 2 1
thanhnt208/container-adm-service/internal/repository/container_repository.go:195.138,197.21 2 1
thanhnt208/container-adm-service/internal/repository/container_repository.go:197.21,200.3 2 1
thanhnt208/container-adm-service/internal/repository/container_repository.go:202.2,202.15 1 1
thanhnt208/container-adm-service/internal/repository/container_repository.go:202.15,203.35 1 1
thanhnt208/container-adm-service/internal/repository/container_repository.go:203.35,206.14 3 1
thanhnt208/container-adm-service/internal/repository/container_repository.go:210.2,211.55 2 1
thanhnt208/container-adm-service/internal/repository/container_repository.go:211.55,215.3 3 1
thanhnt208/container-adm-service/internal/repository/container_repository.go:217.2,217.71 1 1
thanhnt208/container-adm-service/internal/repository/container_repository.go:217.71,221.3 3 1
thanhnt208/container-adm-service/internal/repository/container_repository.go:223.2,223.42 1 1
thanhnt208/container-adm-service/internal/repository/container_repository.go:223.42,226.3 2 1
thanhnt208/container-adm-service/internal/repository/container_repository.go:228.2,229.24 2 1
thanhnt208/container-adm-service/internal/repository/container_repository.go:232.83,234.21 2 1
thanhnt208/container-adm-service/internal/repository/container_repository.go:234.21,237.3 2 1
thanhnt208/container-adm-service/internal/repository/container_repository.go:239.2,239.15 1 1
thanhnt208/container-adm-service/internal/repository/container_repository.go:239.15,240.35 1 1
thanhnt208/container-adm-service/internal/repository/container_repository.go:240.35,243.14 3 1
thanhnt208/container-adm-service/internal/repository/container_repository.go:247.2,248.55 2 1
thanhnt208/container-adm-service/internal/repository/container_repository.go:248.55,252.3 3 1
thanhnt208/container-adm-service/internal/repository/container_repository.go:254.2,254.52 1 1
thanhnt208/container-adm-service/internal/repository/container_repository.go:254.52,258.3 3 1
thanhnt208/container-adm-service/internal/repository/container_repository.go:260.2,260.42 1 1
thanhnt208/container-adm-service/internal/repository/container_repository.go:260.42,263.3 2 1
thanhnt208/container-adm-service/internal/repository/container_repository.go:265.2,266.12 2 1
thanhnt208/container-adm-service/internal/repository/container_repository.go:269.104,271.74 2 1
thanhnt208/container-adm-service/internal/repository/container_repository.go:271.74,274.3 2 1
thanhnt208/container-adm-service/internal/repository/container_repository.go:276.2,277.24 2 1
thanhnt208/container-adm-service/internal/repository/container_repository.go:280.98,284.58 3 1
thanhnt208/container-adm-service/internal/repository/container_repository.go:284.58,287.3 2 1
thanhnt208/container-adm-service/internal/repository/container_repository.go:289.2,290.28 2 1
thanhnt208/container-adm-service/internal/repository/container_repository.go:293.101,294.56 1 1
thanhnt208/container-adm-service/internal/repository/container_repository.go:294.56,297.3 2 1
thanhnt208/container-adm-service/internal/repository/container_repository.go:299.2,305.58 3 1
thanhnt208/container-adm-service/internal/repository/container_repository.go:305.58,308.3 2 0
thanhnt208/container-adm-service/internal/repository/container_repository.go:310.2,316.16 3 1
thanhnt208/container-adm-service/internal/repository/container_repository.go:316.16,319.3 2 1
thanhnt208/container-adm-service/internal/repository/container_repository.go:320.2,322.19 2 1
thanhnt208/container-adm-service/internal/repository/container_repository.go:322.19,326.3 3 1
thanhnt208/container-adm-service/internal/repository/container_repository.go:328.2,329.12 2 1
thanhnt208/container-adm-service/internal/repository/container_repository.go:332.84,334.92 2 1
thanhnt208/container-adm-service/internal/repository/container_repository.go:334.92,337.3 2 1
thanhnt208/container-adm-service/internal/repository/container_repository.go:339.2,340.19 2 1
thanhnt208/container-adm-service/internal/repository/container_repository.go:343.91,345.127 2 1
thanhnt208/container-adm-service/internal/repository/container_repository.go:345.127,348.3 2 1
thanhnt208/container-adm-service/internal/repository/container_repository.go:350.2,351.19 2 1
thanhnt208/container-adm-service/internal/repository/container_repository.go:354.123,355.30 1 1
thanhnt208/container-adm-service/internal/repository/container_repository.go:355.30,358.3 2 1
thanhnt208/container-adm-service/internal/repository/container_repository.go:360.2,409.60 3 1
thanhnt208/container-adm-service/internal/repository/container_repository.go:409.60,412.3 2 0
thanhnt208/container-adm-service/internal/repository/container_repository.go:414.2,420.16 3 1
thanhnt208/container-adm-service/internal/repository/container_repository.go:420.16,423.3 2 0
thanhnt208/container-adm-service/internal/repository/container_repository.go:424.2,426.19 2 1
thanhnt208/container-adm-service/internal/repository/container_repository.go:426.19,430.3 3 1
thanhnt208/container-adm-service/internal/repository/container_repository.go:432.2,433.64 2 1
thanhnt208/container-adm-service/internal/repository/container_repository.go:433.64,436.3 2 1
thanhnt208/container-adm-service/internal/repository/container_repository.go:438.2,440.17 3 1
thanhnt208/container-adm-service/internal/repository/container_repository.go:443.137,444.30 1 1
thanhnt208/container-adm-service/internal/repository/container_repository.go:444.30,447.3 2 1
thanhnt208/container-adm-service/internal/repository/container_repository.go:449.2,496.16 6 1
thanhnt208/container-adm-service/internal/repository/container_repository.go:496.16,499.3 2 0
thanhnt208/container-adm-service/internal/repository/container_repository.go:500.2,502.19 2 1
thanhnt208/container-adm-service/internal/repository/container_repository.go:502.19,506.3 3 1
thanhnt208/container-adm-service/internal/repository/container_repository.go:508.2,514.28 6 1
thanhnt208/container-adm-service/internal/repository/container_repository.go:514.28,521.3 6 1
thanhnt208/container-adm-service/internal/repository/container_repository.go:523.2,523.77 1 1
thanhnt208/container-adm-service/internal/service/container_service.go:40.140,46.2 1 1
thanhnt208/container-adm-service/internal/service/container_service.go:48.111,50.16 2 1
thanhnt208/container-adm-service/internal/service/container_service.go:50.16,53.3 2 1
thanhnt208/container-adm-service/internal/service/container_service.go:55.2,63.16 3 1
thanhnt208/container-adm-service/internal/service/container_service.go:63.16,65.80 2 1
thanhnt208/container-adm-service/internal/service/container_service.go:65.80,67.4 1 1
thanhnt208/container-adm-service/internal/service/container_service.go:67.9,69.4 1 1
thanhnt208/container-adm-service/internal/service/container_service.go:70.3,70.76 1 1
thanhnt208/container-adm-service/internal/service/container_service.go:73.2,74.16 2 1
thanhnt208/container-adm-service/internal/service/container_service.go:77.186,79.16 2 1
thanhnt208/container-adm-service/internal/service/container_service.go:79.16,82.3 2 1
thanhnt208/container-adm-service/internal/service/container_service.go:84.2,85.31 2 1
thanhnt208/container-adm-service/internal/service/container_service.go:88.135,89.55 1 1
thanhnt208/container-adm-service/internal/service/container_service.go:89.55,92.3 2 1
thanhnt208/container-adm-service/internal/service/container_service.go:94.2,95.16 2 1
thanhnt208/container-adm-service/internal/service/container_service.go:95.16,98.3 2 1
thanhnt208/container-adm-service/internal/service/container_service.go:99.2,99.22 1 1
thanhnt208/container-adm-service/internal/service/container_service.go:99.22,102.3 2 1
thanhnt208/container-adm-service/internal/service/container_service.go:104.2,104.103 1 1
thanhnt208/container-adm-service/internal/service/container_service.go:104.103,105.82 1 1
thanhnt208/container-adm-service/internal/service/container_service.go:105.82,108.4 2 1
thanhnt208/container-adm-service/internal/service/container_service.go:109.3,109.84 1 1
thanhnt208/container-adm-service/internal/service/container_service.go:109.84,112.4 2 1
thanhnt208/container-adm-service/internal/service/container_service.go:113.3,114.17 2 1
thanhnt208/container-adm-service/internal/service/container_service.go:114.17,117.4 2 1
thanhnt208/container-adm-service/internal/service/container_service.go:118.3,118.45 1 1
thanhnt208/container-adm-service/internal/service/container_service.go:121.2,121.99 1 1
thanhnt208/container-adm-service/internal/service/container_service.go:121.99,122.59 1 1
thanhnt208/container-adm-service/internal/service/container_service.go:122.59,123.92 1 1
thanhnt208/container-adm-service/internal/service/container_service.go:123.92,126.5 2 1
thanhnt208/container-adm-service/internal/service/container_service.go:127.9,127.66 1 1
thanhnt208/container-adm-service/internal/service/container_service.go:127.66,128.83 1 1
thanhnt208/container-adm-service/internal/service/container_service.go:128.83,131.5 2 1
thanhnt208/container-adm-service/internal/service/container_service.go:135.2,136.16 2 1
thanhnt208/container-adm-service/internal/service/container_service.go:136.16,139.3 2 1
thanhnt208/container-adm-service/internal/service/container_service.go:141.2,142.30 2 1
thanhnt208/container-adm-service/internal/service/container_service.go:145.80,147.16 2 1
thanhnt208/container-adm-service/internal/service/container_service.go:147.16,150.3 2 1
thanhnt208/container-adm-service/internal/service/container_service.go:152.2,152.22 1 1
thanhnt208/container-adm-service/internal/service/container_service.go:152.22,155.3 2 1
thanhnt208/container-adm-service/internal/service/container_service.go:157.2,157.81 1 1
thanhnt208/container-adm-service/internal/service/container_service.go:157.81,160.3 2 1
thanhnt208/container-adm-service/internal/service/container_service.go:162.2,162.83 1 1
thanhnt208/container-adm-service/internal/service/container_service.go:162.83,165.3 2 1
thanhnt208/container-adm-service/internal/service/container_service.go:167.2,167.56 1 1
thanhnt208/container-adm-service/internal/service/container_service.go:167.56,170.3 2 1
thanhnt208/container-adm-service/internal/service/container_service.go:172.2,173.12 2 1
thanhnt208/container-adm-service/internal/service/container_service.go:176.105,178.16 2 1
thanhnt208/container-adm-service/internal/service/container_service.go:178.16,181.3 2 1
thanhnt208/container-adm-service/internal/service/container_service.go:182.2,185.16 3 1
thanhnt208/container-adm-service/internal/service/container_service.go:185.16,188.3 2 0
thanhnt208/container-adm-service/internal/service/container_service.go:190.2,190.19 1 1
thanhnt208/container-adm-service/internal/service/container_service.go:190.19,193.3 2 1
thanhnt208/container-adm-service/internal/service/container_service.go:195.2,198.31 3 1
thanhnt208/container-adm-service/internal/service/container_service.go:198.31,200.19 2 1
thanhnt208/container-adm-service/internal/service/container_service.go:200.19,202.12 2 1
thanhnt208/container-adm-service/internal/service/container_service.go:205.3,208.45 3 1
thanhnt208/container-adm-service/internal/service/container_service.go:208.45,210.12 2 1
thanhnt208/container-adm-service/internal/service/container_service.go:213.3,214.17 2 1
thanhnt208/container-adm-service/internal/service/container_service.go:214.17,217.12 3 1
thanhnt208/container-adm-service/internal/service/container_service.go:220.3,226.61 2 1
thanhnt208/container-adm-service/internal/service/container_service.go:229.2,229.60 1 1
thanhnt208/container-adm-service/internal/service/container_service.go:229.60,236.3 2 1
thanhnt208/container-adm-service/internal/service/container_service.go:238.2,238.61 1 1
thanhnt208/container-adm-service/internal/service/container_service.go:238.61,241.3 2 0
thanhnt208/container-adm-service/internal/service/container_service.go:243.2,244.16 2 1
thanhnt208/container-adm-service/internal/service/container_service.go:244.16,247.42 3 1
thanhnt208/container-adm-service/internal/service/container_service.go:247.42,249.4 1 1
thanhnt208/container-adm-service/internal/service/container_service.go:250.3,253.76 1 1
thanhnt208/container-adm-service/internal/service/container_service.go:256.2,263.44 2 1
thanhnt208/container-adm-service/internal/service/container_service.go:263.44,265.3 1 1
thanhnt208/container-adm-service/internal/service/container_service.go:266.2,267.40 2 1
thanhnt208/container-adm-service/internal/service/container_service.go:267.40,269.3 1 1
thanhnt208/container-adm-service/internal/service/container_service.go:271.2,272.20 2 1
thanhnt208/container-adm-service/internal/service/container_service.go:275.169,277.16 2 1
thanhnt208/container-adm-service/internal/service/container_service.go:277.16,280.3 2 1
thanhnt208/container-adm-service/internal/service/container_service.go:282.2,285.60 3 1
thanhnt208/container-adm-service/internal/service/container_service.go:285.60,288.3 2 0
thanhnt208/container-adm-service/internal/service/container_service.go:290.2,291.27 2 1
thanhnt208/container-adm-service/internal/service/container_service.go:291.27,293.17 2 1
thanhnt208/container-adm-service/internal/service/container_service.go:293.17,296.4 2 0
thanhnt208/container-adm-service/internal/service/container_service.go:297.3,297.62 1 1
thanhnt208/container-adm-service/internal/service/container_service.go:297.62,300.4 2 0
thanhnt208/container-adm-service/internal/service/container_service.go:303.2,303.39 1 1
thanhnt208/container-adm-service/internal/service/container_service.go:303.39,313.37 3 1
thanhnt208/container-adm-service/internal/service/container_service.go:313.37,315.65 2 1
thanhnt208/container-adm-service/internal/service/container_service.go:315.65,318.5 2 0
thanhnt208/container-adm-service/internal/service/container_service.go:322.2,324.16 3 1
thanhnt208/container-adm-service/internal/service/container_service.go:324.16,327.3 2 0
thanhnt208/container-adm-service/internal/service/container_service.go:329.2,337.26 3 1
thanhnt208/container-adm-service/internal/service/container_service.go:340.95,342.16 2 1
thanhnt208/container-adm-service/internal/service/container_service.go:342.16,345.3 2 1
thanhnt208/container-adm-service/internal/service/container_service.go:346.2,346.24 1 1
thanhnt208/container-adm-service/internal/service/container_service.go:349.98,350.67 1 1
thanhnt208/container-adm-service/internal/service/container_service.go:350.67,353.3 2 1
thanhnt208/container-adm-service/internal/service/container_service.go:355.2,356.12 2 1
thanhnt208/container-adm-service/internal/service/container_service.go:359.81,361.16 2 1
thanhnt208/container-adm-service/internal/service/container_service.go:361.16,364.3 2 1
thanhnt208/container-adm-service/internal/service/container_service.go:366.2,367.27 2 1
thanhnt208/container-adm-service/internal/service/container_service.go:370.88,372.16 2 1
thanhnt208/container-adm-service/internal/service/container_service.go:372.16,375.3 2 1
thanhnt208/container-adm-service/internal/service/container_service.go:377.2,378.29 2 1
thanhnt208/container-adm-service/internal/service/container_service.go:381.120,383.16 2 1
thanhnt208/container-adm-service/internal/service/container_service.go:383.16,386.3 2 1
thanhnt208/container-adm-service/internal/service/container_service.go:388.2,389.25 2 1
thanhnt208/container-adm-service/internal/service/container_service.go:392.134,394.16 2 1
thanhnt208/container-adm-service/internal/service/container_service.go:394.16,397.3 2 1
thanhnt208/container-adm-service/internal/service/container_service.go:399.2,400.27 2 1
thanhnt208/container-adm-service/pkg/logger/zap.go:32.69,33.17 1 1
thanhnt208/container-adm-service/pkg/logger/zap.go:33.17,40.45 6 1
thanhnt208/container-adm-service/pkg/logger/zap.go:40.45,43.4 2 1
thanhnt208/container-adm-service/pkg/logger/zap.go:45.3,46.20 2 1
thanhnt208/container-adm-service/pkg/logger/zap.go:46.20,54.4 1 1
thanhnt208/container-adm-service/pkg/logger/zap.go:54.9,56.4 1 1
thanhnt208/container-adm-service/pkg/logger/zap.go:58.3,67.4 3 1
thanhnt208/container-adm-service/pkg/logger/zap.go:70.2,70.21 1 1
thanhnt208/container-adm-service/pkg/logger/zap.go:70.21,72.3 1 0
thanhnt208/container-adm-service/pkg/logger/zap.go:74.2,74.22 1 1
thanhnt208/container-adm-service/pkg/logger/zap.go:77.47,79.2 1 1
thanhnt208/container-adm-service/pkg/logger/zap.go:81.66,83.2 1 1
thanhnt208/container-adm-service/pkg/logger/zap.go:85.65,87.2 1 1
thanhnt208/container-adm-service/pkg/logger/zap.go:89.65,91.2 1 1
thanhnt208/container-adm-service/pkg/logger/zap.go:93.66,95.2 1 1
thanhnt208/container-adm-service/pkg/logger/zap.go:97.66,99.2 1 1
thanhnt208/container-adm-service/pkg/logger/zap.go:101.31,102.18 1 1
thanhnt208/container-adm-service/pkg/logger/zap.go:102.18,104.3 1 1
thanhnt208/container-adm-service/pkg/logger/zap.go:105.2,105.12 1 1
thanhnt208/container-adm-service/utils/hash.go:5.58,8.2 2 1
thanhnt208/container-adm-service/utils/hash.go:10.52,13.2 2 1
thanhnt208/container-adm-service/utils/jwt.go:20.115,33.2 3 1
thanhnt208/container-adm-service/utils/jwt.go:35.55,36.101 1 1
thanhnt208/container-adm-service/utils/jwt.go:36.101,38.3 1 1
thanhnt208/container-adm-service/utils/jwt.go:39.2,39.16 1 1
thanhnt208/container-adm-service/utils/jwt.go:39.16,41.3 1 1
thanhnt208/container-adm-service/utils/jwt.go:42.2,43.25 2 1
thanhnt208/container-adm-service/utils/jwt.go:43.25,45.3 1 0
thanhnt208/container-adm-service/utils/jwt.go:46.2,46.20 1 1
thanhnt208/container-adm-service/external/client/docker_client.go:24.53,26.16 2 1
thanhnt208/container-adm-service/external/client/docker_client.go:26.16,28.3 1 0
thanhnt208/container-adm-service/external/client/docker_client.go:29.2,29.40 1 1
thanhnt208/container-adm-service/external/client/docker_client.go:32.109,34.16 2 1
thanhnt208/container-adm-service/external/client/docker_client.go:34.16,36.3 1 1
thanhnt208/container-adm-service/external/client/docker_client.go:37.2,51.16 4 1
thanhnt208/container-adm-service/external/client/docker_client.go:51.16,53.3 1 1
thanhnt208/container-adm-service/external/client/docker_client.go:55.2,55.88 1 1
thanhnt208/container-adm-service/external/client/docker_client.go:55.88,57.69 1 0
thanhnt208/container-adm-service/external/client/docker_client.go:57.69,59.4 1 0
thanhnt208/container-adm-service/external/client/docker_client.go:60.3,60.80 1 0
thanhnt208/container-adm-service/external/client/docker_client.go:63.2,63.21 1 1
thanhnt208/container-adm-service/external/client/docker_client.go:66.85,67.90 1 1
thanhnt208/container-adm-service/external/client/docker_client.go:67.90,69.3 1 1
thanhnt208/container-adm-service/external/client/docker_client.go:70.2,70.12 1 1
thanhnt208/container-adm-service/external/client/docker_client.go:73.87,74.105 1 1
thanhnt208/container-adm-service/external/client/docker_client.go:74.105,76.3 1 1
thanhnt208/container-adm-service/external/client/docker_client.go:77.2,77.12 1 1
thanhnt208/container-adm-service/external/client/docker_client.go:80.94,81.92 1 1
thanhnt208/container-adm-service/external/client/docker_client.go:81.92,83.3 1 1
thanhnt208/container-adm-service/external/client/docker_client.go:84.2,84.12 1 1
thanhnt208/container-adm-service/external/client/es_client.go:18.92,20.2 1 1
thanhnt208/container-adm-service/infrastructure/database.go:17.54,21.2 1 1
thanhnt208/container-adm-service/infrastructure/database.go:23.50,24.17 1 1
thanhnt208/container-adm-service/infrastructure/database.go:24.17,26.3 1 1
thanhnt208/container-adm-service/infrastructure/database.go:28.2,34.16 3 1
thanhnt208/container-adm-service/infrastructure/database.go:34.16,36.3 1 1
thanhnt208/container-adm-service/infrastructure/database.go:38.2,39.16 2 1
thanhnt208/container-adm-service/infrastructure/database.go:39.16,41.3 1 0
thanhnt208/container-adm-service/infrastructure/database.go:43.2,48.18 5 1
thanhnt208/container-adm-service/infrastructure/database.go:51.34,52.17 1 1
thanhnt208/container-adm-service/infrastructure/database.go:52.17,54.3 1 1
thanhnt208/container-adm-service/infrastructure/database.go:56.2,57.16 2 1
thanhnt208/container-adm-service/infrastructure/database.go:57.16,59.3 1 0
thanhnt208/container-adm-service/infrastructure/database.go:61.2,61.22 1 1
thanhnt208/container-adm-service/infrastructure/elasticsearch.go:15.64,19.2 1 1
thanhnt208/container-adm-service/infrastructure/elasticsearch.go:21.79,22.21 1 1
thanhnt208/container-adm-service/infrastructure/elasticsearch.go:22.21,24.3 1 1
thanhnt208/container-adm-service/infrastructure/elasticsearch.go:26.2,29.16 2 1
thanhnt208/container-adm-service/infrastructure/elasticsearch.go:29.16,31.3 1 0
thanhnt208/container-adm-service/infrastructure/elasticsearch.go:33.2,34.22 2 1
thanhnt208/container-adm-service/infrastructure/elasticsearch.go:37.39,39.2 1 1
thanhnt208/container-adm-service/infrastructure/kafka.go:18.48,23.2 1 1
thanhnt208/container-adm-service/infrastructure/kafka.go:25.58,35.2 2 1
thanhnt208/container-adm-service/infrastructure/kafka.go:37.73,48.2 2 1
thanhnt208/container-adm-service/infrastructure/kafka.go:50.31,53.21 2 1
thanhnt208/container-adm-service/infrastructure/kafka.go:53.21,56.3 2 1
thanhnt208/container-adm-service/infrastructure/kafka.go:58.2,58.21 1 1
thanhnt208/container-adm-service/infrastructure/kafka.go:58.21,61.3 2 1
thanhnt208/container-adm-service/infrastructure/kafka.go:63.2,63.42 1 1
thanhnt208/container-adm-service/infrastructure/kafka.go:63.42,65.3 1 0
thanhnt208/container-adm-service/infrastructure/kafka.go:66.2,66.22 1 1
thanhnt208/container-adm-service/infrastructure/kafka.go:66.22,68.3 1 0
thanhnt208/container-adm-service/infrastructure/kafka.go:69.2,69.22 1 1
thanhnt208/container-adm-service/infrastructure/kafka.go:69.22,71.3 1 0
thanhnt208/container-adm-service/infrastructure/kafka.go:72.2,72.12 1 1
thanhnt208/container-adm-service/infrastructure/redis.go:17.42,21.2 1 1
thanhnt208/container-adm-service/infrastructure/redis.go:23.56,24.21 1 1
thanhnt208/container-adm-service/infrastructure/redis.go:24.21,26.3 1 0
thanhnt208/container-adm-service/infrastructure/redis.go:28.2,37.49 4 1
thanhnt208/container-adm-service/infrastructure/redis.go:37.49,39.3 1 1
thanhnt208/container-adm-service/infrastructure/redis.go:41.2,41.22 1 1
thanhnt208/container-adm-service/infrastructure/redis.go:44.49,45.21 1 1
thanhnt208/container-adm-service/infrastructure/redis.go:45.21,47.17 2 1
thanhnt208/container-adm-service/infrastructure/redis.go:47.17,49.4 1 1
thanhnt208/container-adm-service/infrastructure/redis.go:51.2,51.33 1 1
thanhnt208/container-adm-service/infrastructure/redis.go:54.31,55.21 1 1
thanhnt208/container-adm-service/infrastructure/redis.go:55.21,57.3 1 1
thanhnt208/container-adm-service/infrastructure/redis.go:58.2,58.12 1 1
